<?xml version="1.0" encoding="UTF-8"?>
<testng-results ignored="0" total="1" passed="1" failed="0" skipped="0">
  <reporter-output>
  </reporter-output>
  <suite started-at="2021-06-28T19:32:49 CDT" name="Default suite" finished-at="2021-06-28T19:33:07 CDT" duration-ms="17443">
    <groups>
    </groups>
    <test started-at="2021-06-28T19:32:49 CDT" name="Default test" finished-at="2021-06-28T19:33:07 CDT" duration-ms="17443">
      <class name="VariousConcepts.UsingByClass">
        <test-method is-config="true" signature="readconfig()[pri:0, instance:VariousConcepts.UsingByClass@6c130c45]" started-at="2021-06-28T19:32:49 CDT" name="readconfig" finished-at="2021-06-28T19:32:49 CDT" duration-ms="12" status="PASS">
          <reporter-output>
          </reporter-output>
        </test-method> <!-- readconfig -->
        <test-method is-config="true" signature="init()[pri:0, instance:VariousConcepts.UsingByClass@6c130c45]" started-at="2021-06-28T19:32:50 CDT" name="init" finished-at="2021-06-28T19:32:57 CDT" duration-ms="7980" status="PASS">
          <reporter-output>
          </reporter-output>
        </test-method> <!-- init -->
        <test-method signature="addCustomer()[pri:1, instance:VariousConcepts.UsingByClass@6c130c45]" started-at="2021-06-28T19:32:57 CDT" name="addCustomer" finished-at="2021-06-28T19:33:06 CDT" duration-ms="8443" status="PASS">
          <reporter-output>
          </reporter-output>
        </test-method> <!-- addCustomer -->
        <test-method is-config="true" signature="teardown()[pri:0, instance:VariousConcepts.UsingByClass@6c130c45]" started-at="2021-06-28T19:33:06 CDT" name="teardown" finished-at="2021-06-28T19:33:07 CDT" duration-ms="952" status="PASS">
          <reporter-output>
          </reporter-output>
        </test-method> <!-- teardown -->
      </class> <!-- VariousConcepts.UsingByClass -->
    </test> <!-- Default test -->
  </suite> <!-- Default suite -->
</testng-results>
